<?xml version="1.0" encoding="UTF-8"?>
<testng-results ignored="0" total="1" passed="1" failed="0" skipped="0">
  <reporter-output>
  </reporter-output>
  <suite started-at="2022-08-26T22:00:08 EDT" name="Default suite" finished-at="2022-08-26T22:00:15 EDT" duration-ms="7040">
    <groups>
    </groups>
    <test started-at="2022-08-26T22:00:08 EDT" name="Default test" finished-at="2022-08-26T22:00:15 EDT" duration-ms="7040">
      <class name="com.acti.base.DriverScript">
        <test-method signature="initapp()[pri:0, instance:com.acti.base.DriverScript@28eaa59a]" started-at="2022-08-26T22:00:08 EDT" name="initapp" finished-at="2022-08-26T22:00:15 EDT" duration-ms="6943" status="PASS">
          <reporter-output>
          </reporter-output>
        </test-method> <!-- initapp -->
      </class> <!-- com.acti.base.DriverScript -->
    </test> <!-- Default test -->
  </suite> <!-- Default suite -->
</testng-results>
